<?xml version="1.0" encoding="UTF-8"?>
<testng-results skipped="0" failed="1" ignored="0" total="4" passed="3">
  <reporter-output>
  </reporter-output>
  <suite name="Default suite" duration-ms="32991" started-at="2020-03-16T20:17:14Z" finished-at="2020-03-16T20:17:47Z">
    <groups>
    </groups>
    <test name="Default test" duration-ms="32991" started-at="2020-03-16T20:17:14Z" finished-at="2020-03-16T20:17:47Z">
      <class name="Test.Day5Test">
        <test-method status="PASS" signature="setUp()[pri:0, instance:Test.Day5Test@6a4f787b]" name="setUp" is-config="true" duration-ms="7181" started-at="2020-03-16T20:17:15Z" finished-at="2020-03-16T20:17:22Z">
          <reporter-output>
          </reporter-output>
        </test-method> <!-- setUp -->
        <test-method status="FAIL" signature="testCase04(java.lang.String, java.lang.String)[pri:0, instance:Test.Day5Test@6a4f787b]" name="testCase04" duration-ms="1012" started-at="2020-03-16T20:17:22Z" data-provider="GuruTest" finished-at="2020-03-16T20:17:23Z">
          <params>
            <param index="0">
              <value>
                <![CDATA[mngr247775]]>
              </value>
            </param>
            <param index="1">
              <value>
                <![CDATA[pYhYjYg]]>
              </value>
            </param>
          </params>
          <exception class="java.lang.AssertionError">
            <message>
              <![CDATA[expected [true] but found [false]]]>
            </message>
            <full-stacktrace>
              <![CDATA[java.lang.AssertionError: expected [true] but found [false]
at org.testng.Assert.fail(Assert.java:96)
at org.testng.Assert.failNotEquals(Assert.java:776)
at org.testng.Assert.assertTrue(Assert.java:44)
at org.testng.Assert.assertTrue(Assert.java:54)
at Test.Day5Test.testCase04(Day5Test.java:53)
at sun.reflect.NativeMethodAccessorImpl.invoke0(Native Method)
at sun.reflect.NativeMethodAccessorImpl.invoke(Unknown Source)
at sun.reflect.DelegatingMethodAccessorImpl.invoke(Unknown Source)
at java.lang.reflect.Method.invoke(Unknown Source)
at org.testng.internal.MethodInvocationHelper.invokeMethod(MethodInvocationHelper.java:124)
at org.testng.internal.Invoker.invokeMethod(Invoker.java:583)
at org.testng.internal.Invoker.invokeTestMethod(Invoker.java:719)
at org.testng.internal.Invoker.invokeTestMethods(Invoker.java:989)
at org.testng.internal.TestMethodWorker.invokeTestMethods(TestMethodWorker.java:124)
at org.testng.internal.TestMethodWorker.run(TestMethodWorker.java:109)
at org.testng.TestRunner.privateRun(TestRunner.java:648)
at org.testng.TestRunner.run(TestRunner.java:505)
at org.testng.SuiteRunner.runTest(SuiteRunner.java:455)
at org.testng.SuiteRunner.runSequentially(SuiteRunner.java:450)
at org.testng.SuiteRunner.privateRun(SuiteRunner.java:415)
at org.testng.SuiteRunner.run(SuiteRunner.java:364)
at org.testng.SuiteRunnerWorker.runSuite(SuiteRunnerWorker.java:52)
at org.testng.SuiteRunnerWorker.run(SuiteRunnerWorker.java:84)
at org.testng.TestNG.runSuitesSequentially(TestNG.java:1208)
at org.testng.TestNG.runSuitesLocally(TestNG.java:1137)
at org.testng.TestNG.runSuites(TestNG.java:1049)
at org.testng.TestNG.run(TestNG.java:1017)
at org.testng.remote.AbstractRemoteTestNG.run(AbstractRemoteTestNG.java:114)
at org.testng.remote.RemoteTestNG.initAndRun(RemoteTestNG.java:251)
at org.testng.remote.RemoteTestNG.main(RemoteTestNG.java:77)
]]>
            </full-stacktrace>
          </exception> <!-- java.lang.AssertionError -->
          <reporter-output>
          </reporter-output>
        </test-method> <!-- testCase04 -->
        <test-method status="PASS" signature="tearDown()[pri:0, instance:Test.Day5Test@6a4f787b]" name="tearDown" is-config="true" duration-ms="754" started-at="2020-03-16T20:17:23Z" finished-at="2020-03-16T20:17:24Z">
          <reporter-output>
          </reporter-output>
        </test-method> <!-- tearDown -->
        <test-method status="PASS" signature="setUp()[pri:0, instance:Test.Day5Test@6a4f787b]" name="setUp" is-config="true" duration-ms="6406" started-at="2020-03-16T20:17:24Z" finished-at="2020-03-16T20:17:30Z">
          <reporter-output>
          </reporter-output>
        </test-method> <!-- setUp -->
        <test-method status="PASS" signature="testCase04(java.lang.String, java.lang.String)[pri:0, instance:Test.Day5Test@6a4f787b]" name="testCase04" duration-ms="610" started-at="2020-03-16T20:17:30Z" data-provider="GuruTest" finished-at="2020-03-16T20:17:31Z">
          <params>
            <param index="0">
              <value>
                <![CDATA[Invalid ]]>
              </value>
            </param>
            <param index="1">
              <value>
                <![CDATA[pYhYjYg]]>
              </value>
            </param>
          </params>
          <reporter-output>
          </reporter-output>
        </test-method> <!-- testCase04 -->
        <test-method status="PASS" signature="tearDown()[pri:0, instance:Test.Day5Test@6a4f787b]" name="tearDown" is-config="true" duration-ms="744" started-at="2020-03-16T20:17:31Z" finished-at="2020-03-16T20:17:31Z">
          <reporter-output>
          </reporter-output>
        </test-method> <!-- tearDown -->
        <test-method status="PASS" signature="setUp()[pri:0, instance:Test.Day5Test@6a4f787b]" name="setUp" is-config="true" duration-ms="6456" started-at="2020-03-16T20:17:31Z" finished-at="2020-03-16T20:17:38Z">
          <reporter-output>
          </reporter-output>
        </test-method> <!-- setUp -->
        <test-method status="PASS" signature="testCase04(java.lang.String, java.lang.String)[pri:0, instance:Test.Day5Test@6a4f787b]" name="testCase04" duration-ms="621" started-at="2020-03-16T20:17:38Z" data-provider="GuruTest" finished-at="2020-03-16T20:17:38Z">
          <params>
            <param index="0">
              <value>
                <![CDATA[mngr247775]]>
              </value>
            </param>
            <param index="1">
              <value>
                <![CDATA[Invalid]]>
              </value>
            </param>
          </params>
          <reporter-output>
          </reporter-output>
        </test-method> <!-- testCase04 -->
        <test-method status="PASS" signature="tearDown()[pri:0, instance:Test.Day5Test@6a4f787b]" name="tearDown" is-config="true" duration-ms="735" started-at="2020-03-16T20:17:38Z" finished-at="2020-03-16T20:17:39Z">
          <reporter-output>
          </reporter-output>
        </test-method> <!-- tearDown -->
        <test-method status="PASS" signature="setUp()[pri:0, instance:Test.Day5Test@6a4f787b]" name="setUp" is-config="true" duration-ms="6414" started-at="2020-03-16T20:17:39Z" finished-at="2020-03-16T20:17:46Z">
          <reporter-output>
          </reporter-output>
        </test-method> <!-- setUp -->
        <test-method status="PASS" signature="testCase04(java.lang.String, java.lang.String)[pri:0, instance:Test.Day5Test@6a4f787b]" name="testCase04" duration-ms="622" started-at="2020-03-16T20:17:46Z" data-provider="GuruTest" finished-at="2020-03-16T20:17:46Z">
          <params>
            <param index="0">
              <value>
                <![CDATA[Invalid]]>
              </value>
            </param>
            <param index="1">
              <value>
                <![CDATA[Invalid]]>
              </value>
            </param>
          </params>
          <reporter-output>
          </reporter-output>
        </test-method> <!-- testCase04 -->
        <test-method status="PASS" signature="tearDown()[pri:0, instance:Test.Day5Test@6a4f787b]" name="tearDown" is-config="true" duration-ms="727" started-at="2020-03-16T20:17:46Z" finished-at="2020-03-16T20:17:47Z">
          <reporter-output>
          </reporter-output>
        </test-method> <!-- tearDown -->
      </class> <!-- Test.Day5Test -->
    </test> <!-- Default test -->
  </suite> <!-- Default suite -->
</testng-results>
